mode: set
github.com/RodrigoGuerraCortes/ai-backend/config/config.go:10.16,12.16 2 0
github.com/RodrigoGuerraCortes/ai-backend/config/config.go:12.16,14.3 1 0
github.com/RodrigoGuerraCortes/ai-backend/config/config.go:17.32,19.2 1 0
github.com/RodrigoGuerraCortes/ai-backend/cmd/api/main.go:14.13,26.34 6 0
github.com/RodrigoGuerraCortes/ai-backend/cmd/api/main.go:26.34,28.3 1 0
github.com/RodrigoGuerraCortes/ai-backend/cmd/api/main.go:31.2,36.26 5 0
github.com/RodrigoGuerraCortes/ai-backend/internal/config/config.go:17.27,27.28 3 0
github.com/RodrigoGuerraCortes/ai-backend/internal/config/config.go:27.28,29.3 1 0
github.com/RodrigoGuerraCortes/ai-backend/internal/config/config.go:31.2,31.12 1 0
github.com/RodrigoGuerraCortes/ai-backend/internal/config/config.go:34.42,35.48 1 0
github.com/RodrigoGuerraCortes/ai-backend/internal/config/config.go:35.48,37.3 1 0
github.com/RodrigoGuerraCortes/ai-backend/internal/config/config.go:38.2,38.17 1 0
github.com/RodrigoGuerraCortes/ai-backend/internal/ai/mocks/mock_ai.go:11.82,13.2 1 0
github.com/RodrigoGuerraCortes/ai-backend/internal/di/container.go:26.41,49.2 5 0
github.com/RodrigoGuerraCortes/ai-backend/internal/di/container.go:52.35,54.12 2 0
github.com/RodrigoGuerraCortes/ai-backend/internal/di/container.go:54.12,56.86 1 0
github.com/RodrigoGuerraCortes/ai-backend/internal/di/container.go:56.86,58.4 1 0
github.com/RodrigoGuerraCortes/ai-backend/internal/di/container.go:60.2,60.12 1 0
github.com/RodrigoGuerraCortes/ai-backend/internal/di/container.go:64.49,67.51 3 0
github.com/RodrigoGuerraCortes/ai-backend/internal/di/container.go:67.51,69.3 1 0
github.com/RodrigoGuerraCortes/ai-backend/internal/di/container.go:69.8,71.3 1 0
github.com/RodrigoGuerraCortes/ai-backend/internal/http/handler/chat_handler.go:16.50,20.2 1 0
github.com/RodrigoGuerraCortes/ai-backend/internal/http/handler/chat_handler.go:22.44,25.47 2 0
github.com/RodrigoGuerraCortes/ai-backend/internal/http/handler/chat_handler.go:25.47,31.3 2 0
github.com/RodrigoGuerraCortes/ai-backend/internal/http/handler/chat_handler.go:33.2,34.16 2 0
github.com/RodrigoGuerraCortes/ai-backend/internal/http/handler/chat_handler.go:34.16,40.3 2 0
github.com/RodrigoGuerraCortes/ai-backend/internal/http/handler/chat_handler.go:42.2,47.4 1 0
github.com/RodrigoGuerraCortes/ai-backend/internal/http/router/router.go:10.50,21.2 7 0
github.com/RodrigoGuerraCortes/ai-backend/internal/http/router/router.go:21.2,24.3 2 0
github.com/RodrigoGuerraCortes/ai-backend/internal/http/router/router.go:26.2,26.41 1 0
github.com/RodrigoGuerraCortes/ai-backend/internal/http/router/router.go:26.41,28.3 1 0
github.com/RodrigoGuerraCortes/ai-backend/internal/http/router/router.go:30.2,30.10 1 0
github.com/RodrigoGuerraCortes/ai-backend/internal/http/middleware/error_handler.go:12.37,13.30 1 0
github.com/RodrigoGuerraCortes/ai-backend/internal/http/middleware/error_handler.go:13.30,14.16 1 0
github.com/RodrigoGuerraCortes/ai-backend/internal/http/middleware/error_handler.go:14.16,15.36 1 0
github.com/RodrigoGuerraCortes/ai-backend/internal/http/middleware/error_handler.go:15.36,22.5 3 0
github.com/RodrigoGuerraCortes/ai-backend/internal/http/middleware/error_handler.go:25.3,28.24 2 0
github.com/RodrigoGuerraCortes/ai-backend/internal/http/middleware/error_handler.go:28.24,34.4 2 0
github.com/RodrigoGuerraCortes/ai-backend/internal/http/middleware/logging.go:11.38,12.30 1 1
github.com/RodrigoGuerraCortes/ai-backend/internal/http/middleware/logging.go:12.30,24.3 4 1
github.com/RodrigoGuerraCortes/ai-backend/internal/http/middleware/request_id.go:12.44,13.30 1 0
github.com/RodrigoGuerraCortes/ai-backend/internal/http/middleware/request_id.go:13.30,16.22 2 0
github.com/RodrigoGuerraCortes/ai-backend/internal/http/middleware/request_id.go:16.22,18.4 1 0
github.com/RodrigoGuerraCortes/ai-backend/internal/http/middleware/request_id.go:21.3,38.4 5 0
github.com/RodrigoGuerraCortes/ai-backend/pkg/logger/logger.go:11.13,19.20 5 0
github.com/RodrigoGuerraCortes/ai-backend/pkg/logger/logger.go:19.20,21.3 1 0
github.com/RodrigoGuerraCortes/ai-backend/pkg/logger/logger.go:23.2,25.26 2 0
github.com/RodrigoGuerraCortes/ai-backend/pkg/logger/logger.go:25.26,30.3 3 0
github.com/RodrigoGuerraCortes/ai-backend/pkg/logger/logger.go:30.8,34.3 2 0
github.com/RodrigoGuerraCortes/ai-backend/pkg/logger/logger.go:36.2,38.16 3 0
github.com/RodrigoGuerraCortes/ai-backend/pkg/logger/logger.go:38.16,39.63 1 0
github.com/RodrigoGuerraCortes/ai-backend/pkg/logger/logger.go:42.2,44.39 1 0
github.com/RodrigoGuerraCortes/ai-backend/pkg/logger/logger.go:47.13,48.16 1 0
github.com/RodrigoGuerraCortes/ai-backend/pkg/logger/logger.go:48.16,50.3 1 0
github.com/RodrigoGuerraCortes/ai-backend/internal/service/chat_service.go:13.56,15.2 1 1
github.com/RodrigoGuerraCortes/ai-backend/internal/service/chat_service.go:17.81,19.2 1 1
github.com/RodrigoGuerraCortes/ai-backend/internal/ai/client.go:17.38,20.18 3 1
github.com/RodrigoGuerraCortes/ai-backend/internal/ai/client.go:20.18,22.3 1 0
github.com/RodrigoGuerraCortes/ai-backend/internal/ai/client.go:24.2,26.16 3 1
github.com/RodrigoGuerraCortes/ai-backend/internal/ai/client.go:26.16,28.3 1 0
github.com/RodrigoGuerraCortes/ai-backend/internal/ai/client.go:30.2,30.38 1 1
github.com/RodrigoGuerraCortes/ai-backend/internal/ai/client.go:33.47,39.2 4 1
github.com/RodrigoGuerraCortes/ai-backend/internal/ai/client.go:41.82,45.16 3 0
github.com/RodrigoGuerraCortes/ai-backend/internal/ai/client.go:45.16,47.3 1 0
github.com/RodrigoGuerraCortes/ai-backend/internal/ai/client.go:49.2,51.46 1 0
github.com/RodrigoGuerraCortes/ai-backend/internal/ai/client.go:51.46,53.3 1 0
github.com/RodrigoGuerraCortes/ai-backend/internal/ai/client.go:55.2,56.27 2 0
